2019-02-04 01:02:33.740 [main] INFO   - Opened Site
2019-02-04 01:02:35.756 [main] INFO   - Entered the signIn page
2019-02-04 01:02:38.307 [main] INFO   - Signed in into account
2019-02-04 01:02:40.728 [main] INFO   - Entered t-shirts category
2019-38-04 11:38:20.825 [main] INFO   - Opened Site
2019-38-04 11:38:23.597 [main] INFO   - Entered the signIn page
2019-38-04 11:38:26.682 [main] INFO   - Signed in into account
2019-38-04 11:38:28.742 [main] INFO   - Entered t-shirts category
2019-38-04 11:38:30.760 [main] INFO   - Opened product
2019-38-04 11:38:30.809 [main] INFO   - Bread crumbs are verified
2019-38-04 11:38:33.713 [main] INFO   - Added to cart
2019-38-04 11:38:36.346 [main] ERROR  - expected:<33.02> but was:<66.04>
2019-39-04 11:39:32.654 [main] INFO   - Opened Site
2019-39-04 11:39:36.097 [main] INFO   - Entered the signIn page
2019-39-04 11:39:39.809 [main] INFO   - Signed in into account
2019-39-04 11:39:44.114 [main] INFO   - Entered t-shirts category
2019-39-04 11:39:49.098 [main] INFO   - Opened product
2019-39-04 11:39:49.151 [main] INFO   - Bread crumbs are verified
2019-39-04 11:39:59.466 [main] INFO   - Added to cart
2019-40-04 11:40:04.907 [main] INFO   - Item successfully deleted
2019-40-04 11:40:05.726 [main] INFO   - Site is closed
2019-01-04 12:01:55.926 [main] INFO   - Opened Site
2019-01-04 12:01:58.382 [main] INFO   - Entered the signIn page
2019-02-04 12:02:00.495 [main] INFO   - Signed in into account
2019-02-04 12:02:02.649 [main] INFO   - Entered t-shirts category
2019-02-04 12:02:04.864 [main] INFO   - Opened product
2019-02-04 12:02:04.864 [main] INFO   - Bread crumbs are verified
2019-02-04 12:02:08.453 [main] INFO   - Added to cart
2019-02-04 12:02:15.229 [main] INFO   - Item successfully deleted
2019-02-04 12:02:16.078 [main] INFO   - Site is closed
2019-04-04 12:04:05.245 [main] INFO   - Opened Site
2019-04-04 12:04:07.416 [main] INFO   - Entered the signIn page
2019-04-04 12:04:09.510 [main] INFO   - Signed in into account
2019-04-04 12:04:11.932 [main] INFO   - Entered t-shirts category
2019-04-04 12:04:14.184 [main] INFO   - Opened product
2019-04-04 12:04:14.235 [main] INFO   - Bread crumbs are verified
2019-04-04 12:04:18.172 [main] INFO   - Added to cart
2019-04-04 12:04:21.783 [main] ERROR  - expected:<16.51> but was:<66.04>
2019-05-04 12:05:53.196 [main] INFO   - Opened Site
2019-05-04 12:05:55.435 [main] INFO   - Entered the signIn page
2019-05-04 12:05:57.408 [main] INFO   - Signed in into account
2019-05-04 12:05:59.319 [main] INFO   - Entered t-shirts category
2019-06-04 12:06:02.770 [main] INFO   - Opened product
2019-06-04 12:06:02.802 [main] INFO   - Bread crumbs are verified
2019-06-04 12:06:05.959 [main] INFO   - Added to cart
2019-06-04 12:06:12.292 [main] INFO   - Item successfully deleted
2019-06-04 12:06:13.144 [main] INFO   - Site is closed
2019-36-04 12:36:25.042 [main] INFO   - Opened Site
2019-36-04 12:36:27.481 [main] INFO   - Entered the signIn page
2019-36-04 12:36:29.350 [main] INFO   - Signed in into account
2019-36-04 12:36:31.269 [main] INFO   - Entered t-shirts category
2019-36-04 12:36:33.615 [main] INFO   - Opened product
2019-36-04 12:36:33.648 [main] INFO   - Bread crumbs are verified
2019-36-04 12:36:36.567 [main] INFO   - Added to cart
2019-36-04 12:36:41.881 [main] INFO   - Item successfully deleted
2019-36-04 12:36:42.716 [main] INFO   - Site is closed
2019-58-04 15:58:17.869 [main] INFO   - Opened Site
2019-58-04 15:58:19.822 [main] INFO   - Entered the signIn page
2019-58-04 15:58:21.736 [main] INFO   - Signed in into account
2019-58-04 15:58:23.898 [main] INFO   - Entered t-shirts category
2019-58-04 15:58:25.861 [main] INFO   - Opened product
2019-58-04 15:58:25.905 [main] INFO   - Bread crumbs are verified
2019-58-04 15:58:28.763 [main] INFO   - Added to cart
2019-58-04 15:58:44.235 [main] INFO   - Item successfully deleted
2019-58-04 15:58:45.145 [main] INFO   - Site is closed
2019-02-04 16:02:47.412 [main] INFO   - Opened Site
2019-02-04 16:02:49.475 [main] INFO   - Entered the signIn page
2019-02-04 16:02:51.935 [main] INFO   - Signed in into account
2019-02-04 16:02:53.974 [main] INFO   - Entered t-shirts category
2019-02-04 16:02:56.107 [main] INFO   - Opened product
2019-02-04 16:02:56.174 [main] INFO   - Bread crumbs are verified
2019-02-04 16:02:59.045 [main] INFO   - Added to cart
2019-03-04 16:03:04.887 [main] INFO   - Item successfully deleted
2019-03-04 16:03:05.725 [main] INFO   - Site is closed
2019-19-06 21:19:17.721 [main] INFO   - Opened Site
2019-19-06 21:19:19.659 [main] INFO   - Entered the signIn page
2019-19-06 21:19:21.931 [main] INFO   - Signed in into account
2019-19-06 21:19:23.995 [main] INFO   - Entered t-shirts category
2019-19-06 21:19:25.800 [main] INFO   - Opened product
2019-19-06 21:19:25.847 [main] INFO   - Bread crumbs are verified
2019-19-06 21:19:28.800 [main] INFO   - Added to cart
2019-19-06 21:19:32.413 [main] ERROR  - expected:<16.51> but was:<66.04>
2019-19-06 21:19:54.368 [main] INFO   - Opened Site
2019-19-06 21:19:56.420 [main] INFO   - Entered the signIn page
2019-19-06 21:19:58.436 [main] INFO   - Signed in into account
2019-20-06 21:20:00.557 [main] INFO   - Entered t-shirts category
2019-20-06 21:20:02.524 [main] INFO   - Opened product
2019-20-06 21:20:02.572 [main] INFO   - Bread crumbs are verified
2019-20-06 21:20:05.481 [main] INFO   - Added to cart
2019-20-06 21:20:10.638 [main] INFO   - Item successfully deleted
2019-20-06 21:20:11.408 [main] INFO   - Site is closed
2019-04-06 22:04:52.686 [main] INFO   - Opened Site
2019-04-06 22:04:54.556 [main] INFO   - Entered the signIn page
2019-04-06 22:04:56.682 [main] INFO   - Signed in into account
2019-04-06 22:04:58.565 [main] INFO   - Entered t-shirts category
2019-05-06 22:05:00.590 [main] INFO   - Opened product
2019-05-06 22:05:00.681 [main] INFO   - Bread crumbs are verified
2019-05-06 22:05:03.433 [main] INFO   - Added to cart
2019-05-06 22:05:14.266 [main] ERROR  - Expected condition failed: waiting for text ('4') to be the value of element located by By.xpath: //td[@class='cart_quantity text-center']/input[@type='text'] (tried for 10 second(s) with 500 milliseconds interval)
Build info: version: '3.141.59', revision: 'e82be7d358', time: '2018-11-14T08:17:03'
System info: host: 'GFL-2033', ip: '192.168.56.1', os.name: 'Windows 10', os.arch: 'amd64', os.version: '10.0', java.version: '1.8.0_152'
Driver info: org.openqa.selenium.chrome.ChromeDriver
Capabilities {acceptInsecureCerts: false, acceptSslCerts: false, applicationCacheEnabled: false, browserConnectionEnabled: false, browserName: chrome, chrome: {chromedriverVersion: 2.45.615291 (ec3682e3c9061c..., userDataDir: C:\Users\DTEREN~1\AppData\L...}, cssSelectorsEnabled: true, databaseEnabled: false, goog:chromeOptions: {debuggerAddress: localhost:53555}, handlesAlerts: true, hasTouchScreen: false, javascriptEnabled: true, locationContextEnabled: true, mobileEmulationEnabled: false, nativeEvents: true, networkConnectionEnabled: false, pageLoadStrategy: normal, platform: XP, platformName: XP, proxy: Proxy(), rotatable: false, setWindowRect: true, strictFileInteractability: false, takesHeapSnapshot: true, takesScreenshot: true, timeouts: {implicit: 0, pageLoad: 300000, script: 30000}, unexpectedAlertBehaviour: ignore, unhandledPromptBehavior: ignore, version: 72.0.3626.119, webStorageEnabled: true}
Session ID: a581edca08443d9c2c0e1377d4b925a6
2019-05-06 22:05:34.074 [main] INFO   - Opened Site
2019-05-06 22:05:35.750 [main] INFO   - Entered the signIn page
2019-05-06 22:05:37.800 [main] INFO   - Signed in into account
2019-05-06 22:05:39.797 [main] INFO   - Entered t-shirts category
2019-05-06 22:05:41.659 [main] INFO   - Opened product
2019-05-06 22:05:41.720 [main] INFO   - Bread crumbs are verified
2019-05-06 22:05:45.368 [main] INFO   - Added to cart
2019-05-06 22:05:49.836 [main] INFO   - Item successfully deleted
2019-05-06 22:05:50.607 [main] INFO   - Site is closed
2019-11-06 22:11:01.996 [main] INFO   - Opened Site
2019-11-06 22:11:03.987 [main] INFO   - Entered the signIn page
2019-11-06 22:11:06.183 [main] INFO   - Signed in into account
2019-11-06 22:11:08.260 [main] INFO   - Entered t-shirts category
2019-11-06 22:11:10.223 [main] INFO   - Opened product
2019-11-06 22:11:10.302 [main] INFO   - Bread crumbs are verified
2019-11-06 22:11:13.086 [main] INFO   - Added to cart
2019-11-06 22:11:18.161 [main] INFO   - Item successfully deleted
2019-11-06 22:11:18.927 [main] INFO   - Site is closed
2019-58-15 23:58:45.021 [main] INFO   - Opened Site
2019-58-15 23:58:47.174 [main] INFO   - Entered the signIn page
2019-58-15 23:58:49.933 [main] INFO   - Signed in into account
2019-58-15 23:58:52.256 [main] INFO   - Entered t-shirts category
2019-58-15 23:58:54.331 [main] INFO   - Opened product
2019-58-15 23:58:54.450 [main] INFO   - Bread crumbs are verified
2019-58-15 23:58:58.387 [main] INFO   - Added to cart
2019-59-15 23:59:03.660 [main] INFO   - Item successfully deleted
2019-59-15 23:59:04.484 [main] INFO   - Site is closed
2019-14-20 01:14:50.861 [main] INFO   - Opened Site
2019-14-20 01:14:53.170 [main] INFO   - Entered the signIn page
2019-14-20 01:14:56.254 [main] INFO   - Signed in into account
2019-23-20 01:23:10.835 [main] INFO   - Opened Site
2019-23-20 01:23:13.080 [main] INFO   - Entered the signIn page
2019-23-20 01:23:15.750 [main] INFO   - Signed in into account
2019-23-20 01:23:26.360 [main] ERROR  - Expected condition failed: waiting for visibility of [[ChromeDriver: chrome on XP (5e3940c647ce7597daefe5fc50f2fbc3)] -> xpath: //ul[@class='submenu-container clearfix first-in-line-xs']/li/a[@title='Evening Dresses']] (tried for 10 second(s) with 500 milliseconds interval)
Build info: version: '3.141.59', revision: 'e82be7d358', time: '2018-11-14T08:17:03'
System info: host: 'DESKTOP-KGG2TM0', ip: '192.168.1.7', os.name: 'Windows 10', os.arch: 'amd64', os.version: '10.0', java.version: '10.0.2'
Driver info: org.openqa.selenium.chrome.ChromeDriver
Capabilities {acceptInsecureCerts: false, acceptSslCerts: false, applicationCacheEnabled: false, browserConnectionEnabled: false, browserName: chrome, chrome: {chromedriverVersion: 2.45.615291 (ec3682e3c9061c..., userDataDir: C:\Users\Bogdan\AppData\Loc...}, cssSelectorsEnabled: true, databaseEnabled: false, goog:chromeOptions: {debuggerAddress: localhost:51270}, handlesAlerts: true, hasTouchScreen: false, javascriptEnabled: true, locationContextEnabled: true, mobileEmulationEnabled: false, nativeEvents: true, networkConnectionEnabled: false, pageLoadStrategy: normal, platform: XP, platformName: XP, proxy: Proxy(), rotatable: false, setWindowRect: true, strictFileInteractability: false, takesHeapSnapshot: true, takesScreenshot: true, timeouts: {implicit: 0, pageLoad: 300000, script: 30000}, unexpectedAlertBehaviour: ignore, unhandledPromptBehavior: ignore, version: 73.0.3683.75, webStorageEnabled: true}
Session ID: 5e3940c647ce7597daefe5fc50f2fbc3
2019-29-20 01:29:23.961 [main] INFO   - Opened Site
2019-29-20 01:29:25.904 [main] INFO   - Entered the signIn page
2019-29-20 01:29:28.768 [main] INFO   - Signed in into account
2019-29-20 01:29:39.872 [main] ERROR  - Expected condition failed: waiting for visibility of [[ChromeDriver: chrome on XP (f4a35371a10a0a202b7541cab412d749)] -> xpath: //ul[@class='submenu-container clearfix first-in-line-xs']/li/a[@title='Evening Dresses']] (tried for 10 second(s) with 500 milliseconds interval)
Build info: version: '3.141.59', revision: 'e82be7d358', time: '2018-11-14T08:17:03'
System info: host: 'DESKTOP-KGG2TM0', ip: '192.168.1.7', os.name: 'Windows 10', os.arch: 'amd64', os.version: '10.0', java.version: '10.0.2'
Driver info: org.openqa.selenium.chrome.ChromeDriver
Capabilities {acceptInsecureCerts: false, acceptSslCerts: false, applicationCacheEnabled: false, browserConnectionEnabled: false, browserName: chrome, chrome: {chromedriverVersion: 2.45.615291 (ec3682e3c9061c..., userDataDir: C:\Users\Bogdan\AppData\Loc...}, cssSelectorsEnabled: true, databaseEnabled: false, goog:chromeOptions: {debuggerAddress: localhost:51697}, handlesAlerts: true, hasTouchScreen: false, javascriptEnabled: true, locationContextEnabled: true, mobileEmulationEnabled: false, nativeEvents: true, networkConnectionEnabled: false, pageLoadStrategy: normal, platform: XP, platformName: XP, proxy: Proxy(), rotatable: false, setWindowRect: true, strictFileInteractability: false, takesHeapSnapshot: true, takesScreenshot: true, timeouts: {implicit: 0, pageLoad: 300000, script: 30000}, unexpectedAlertBehaviour: ignore, unhandledPromptBehavior: ignore, version: 73.0.3683.75, webStorageEnabled: true}
Session ID: f4a35371a10a0a202b7541cab412d749
2019-32-20 01:32:53.845 [main] INFO   - Opened Site
2019-32-20 01:32:56.028 [main] INFO   - Entered the signIn page
2019-32-20 01:32:58.333 [main] INFO   - Signed in into account
2019-32-20 01:32:59.253 [main] ERROR  - element not interactable
  (Session info: chrome=73.0.3683.75)
  (Driver info: chromedriver=2.45.615291 (ec3682e3c9061c10f26ea9e5cdcf3c53f3f74387),platform=Windows NT 10.0.17134 x86_64) (WARNING: The server did not provide any stacktrace information)
Command duration or timeout: 0 milliseconds
Build info: version: '3.141.59', revision: 'e82be7d358', time: '2018-11-14T08:17:03'
System info: host: 'DESKTOP-KGG2TM0', ip: '192.168.1.7', os.name: 'Windows 10', os.arch: 'amd64', os.version: '10.0', java.version: '10.0.2'
Driver info: org.openqa.selenium.chrome.ChromeDriver
Capabilities {acceptInsecureCerts: false, acceptSslCerts: false, applicationCacheEnabled: false, browserConnectionEnabled: false, browserName: chrome, chrome: {chromedriverVersion: 2.45.615291 (ec3682e3c9061c..., userDataDir: C:\Users\Bogdan\AppData\Loc...}, cssSelectorsEnabled: true, databaseEnabled: false, goog:chromeOptions: {debuggerAddress: localhost:51911}, handlesAlerts: true, hasTouchScreen: false, javascriptEnabled: true, locationContextEnabled: true, mobileEmulationEnabled: false, nativeEvents: true, networkConnectionEnabled: false, pageLoadStrategy: normal, platform: XP, platformName: XP, proxy: Proxy(), rotatable: false, setWindowRect: true, strictFileInteractability: false, takesHeapSnapshot: true, takesScreenshot: true, timeouts: {implicit: 0, pageLoad: 300000, script: 30000}, unexpectedAlertBehaviour: ignore, unhandledPromptBehavior: ignore, version: 73.0.3683.75, webStorageEnabled: true}
Session ID: 5abcf673c3a56c97a0fcff110a1ead06
2019-39-20 01:39:15.951 [main] INFO   - Opened Site
2019-39-20 01:39:18.224 [main] INFO   - Entered the signIn page
2019-39-20 01:39:20.747 [main] INFO   - Signed in into account
2019-39-20 01:39:21.570 [main] ERROR  - no such element: Unable to locate element: {"method":"xpath","selector":"//ul[@style='display: block;']//a[@title='Evening Dresses']"}
  (Session info: chrome=73.0.3683.75)
  (Driver info: chromedriver=2.45.615291 (ec3682e3c9061c10f26ea9e5cdcf3c53f3f74387),platform=Windows NT 10.0.17134 x86_64) (WARNING: The server did not provide any stacktrace information)
Command duration or timeout: 0 milliseconds
For documentation on this error, please visit: https://www.seleniumhq.org/exceptions/no_such_element.html
Build info: version: '3.141.59', revision: 'e82be7d358', time: '2018-11-14T08:17:03'
System info: host: 'DESKTOP-KGG2TM0', ip: '192.168.1.7', os.name: 'Windows 10', os.arch: 'amd64', os.version: '10.0', java.version: '10.0.2'
Driver info: org.openqa.selenium.chrome.ChromeDriver
Capabilities {acceptInsecureCerts: false, acceptSslCerts: false, applicationCacheEnabled: false, browserConnectionEnabled: false, browserName: chrome, chrome: {chromedriverVersion: 2.45.615291 (ec3682e3c9061c..., userDataDir: C:\Users\Bogdan\AppData\Loc...}, cssSelectorsEnabled: true, databaseEnabled: false, goog:chromeOptions: {debuggerAddress: localhost:52294}, handlesAlerts: true, hasTouchScreen: false, javascriptEnabled: true, locationContextEnabled: true, mobileEmulationEnabled: false, nativeEvents: true, networkConnectionEnabled: false, pageLoadStrategy: normal, platform: XP, platformName: XP, proxy: Proxy(), rotatable: false, setWindowRect: true, strictFileInteractability: false, takesHeapSnapshot: true, takesScreenshot: true, timeouts: {implicit: 0, pageLoad: 300000, script: 30000}, unexpectedAlertBehaviour: ignore, unhandledPromptBehavior: ignore, version: 73.0.3683.75, webStorageEnabled: true}
Session ID: a357a45de481f04a3e0c0eb09340aba9
*** Element info: {Using=xpath, value=//ul[@style='display: block;']//a[@title='Evening Dresses']}
2019-40-20 01:40:11.528 [main] INFO   - Opened Site
2019-40-20 01:40:13.748 [main] INFO   - Entered the signIn page
2019-40-20 01:40:16.150 [main] INFO   - Signed in into account
2019-40-20 01:40:16.962 [main] ERROR  - element not interactable
  (Session info: chrome=73.0.3683.75)
  (Driver info: chromedriver=2.45.615291 (ec3682e3c9061c10f26ea9e5cdcf3c53f3f74387),platform=Windows NT 10.0.17134 x86_64) (WARNING: The server did not provide any stacktrace information)
Command duration or timeout: 0 milliseconds
Build info: version: '3.141.59', revision: 'e82be7d358', time: '2018-11-14T08:17:03'
System info: host: 'DESKTOP-KGG2TM0', ip: '192.168.1.7', os.name: 'Windows 10', os.arch: 'amd64', os.version: '10.0', java.version: '10.0.2'
Driver info: org.openqa.selenium.chrome.ChromeDriver
Capabilities {acceptInsecureCerts: false, acceptSslCerts: false, applicationCacheEnabled: false, browserConnectionEnabled: false, browserName: chrome, chrome: {chromedriverVersion: 2.45.615291 (ec3682e3c9061c..., userDataDir: C:\Users\Bogdan\AppData\Loc...}, cssSelectorsEnabled: true, databaseEnabled: false, goog:chromeOptions: {debuggerAddress: localhost:52375}, handlesAlerts: true, hasTouchScreen: false, javascriptEnabled: true, locationContextEnabled: true, mobileEmulationEnabled: false, nativeEvents: true, networkConnectionEnabled: false, pageLoadStrategy: normal, platform: XP, platformName: XP, proxy: Proxy(), rotatable: false, setWindowRect: true, strictFileInteractability: false, takesHeapSnapshot: true, takesScreenshot: true, timeouts: {implicit: 0, pageLoad: 300000, script: 30000}, unexpectedAlertBehaviour: ignore, unhandledPromptBehavior: ignore, version: 73.0.3683.75, webStorageEnabled: true}
Session ID: 1d91326663c9c8d78d4bce81c98ef5b6
2019-41-20 01:41:03.664 [main] INFO   - Opened Site
2019-41-20 01:41:06.470 [main] INFO   - Entered the signIn page
2019-41-20 01:41:08.949 [main] INFO   - Signed in into account
2019-42-20 01:42:05.867 [main] INFO   - Opened Site
2019-42-20 01:42:08.669 [main] INFO   - Entered the signIn page
2019-42-20 01:42:11.125 [main] INFO   - Signed in into account
2019-42-20 01:42:21.755 [main] ERROR  - Expected condition failed: waiting for visibility of [[ChromeDriver: chrome on XP (bf62f813a3abf746259cbb158442a54c)] -> xpath: //ul[@class='submenu-container clearfix first-in-line-xs']/li/a[@title='Evening Dresses']] (tried for 10 second(s) with 500 milliseconds interval)
Build info: version: '3.141.59', revision: 'e82be7d358', time: '2018-11-14T08:17:03'
System info: host: 'DESKTOP-KGG2TM0', ip: '192.168.1.7', os.name: 'Windows 10', os.arch: 'amd64', os.version: '10.0', java.version: '10.0.2'
Driver info: org.openqa.selenium.chrome.ChromeDriver
Capabilities {acceptInsecureCerts: false, acceptSslCerts: false, applicationCacheEnabled: false, browserConnectionEnabled: false, browserName: chrome, chrome: {chromedriverVersion: 2.45.615291 (ec3682e3c9061c..., userDataDir: C:\Users\Bogdan\AppData\Loc...}, cssSelectorsEnabled: true, databaseEnabled: false, goog:chromeOptions: {debuggerAddress: localhost:52543}, handlesAlerts: true, hasTouchScreen: false, javascriptEnabled: true, locationContextEnabled: true, mobileEmulationEnabled: false, nativeEvents: true, networkConnectionEnabled: false, pageLoadStrategy: normal, platform: XP, platformName: XP, proxy: Proxy(), rotatable: false, setWindowRect: true, strictFileInteractability: false, takesHeapSnapshot: true, takesScreenshot: true, timeouts: {implicit: 0, pageLoad: 300000, script: 30000}, unexpectedAlertBehaviour: ignore, unhandledPromptBehavior: ignore, version: 73.0.3683.75, webStorageEnabled: true}
Session ID: bf62f813a3abf746259cbb158442a54c
2019-48-20 01:48:04.903 [main] INFO   - Opened Site
2019-48-20 01:48:07.274 [main] INFO   - Entered the signIn page
2019-48-20 01:48:09.857 [main] INFO   - Signed in into account
2019-12-20 02:12:32.402 [main] INFO   - Opened Site
2019-12-20 02:12:34.647 [main] INFO   - Entered the signIn page
2019-12-20 02:12:36.996 [main] INFO   - Signed in into account
2019-13-20 02:13:43.465 [main] INFO   - Opened Site
2019-13-20 02:13:45.612 [main] INFO   - Entered the signIn page
2019-13-20 02:13:47.932 [main] INFO   - Signed in into account
2019-17-20 02:17:29.751 [main] INFO   - Opened Site
2019-17-20 02:17:32.435 [main] INFO   - Entered the signIn page
2019-17-20 02:17:35.186 [main] INFO   - Signed in into account
2019-47-20 02:47:47.603 [main] INFO   - Opened Site
2019-47-20 02:47:49.717 [main] INFO   - Entered the signIn page
2019-47-20 02:47:52.075 [main] INFO   - Signed in into account
2019-15-20 09:15:24.403 [main] ERROR  - null
2019-17-20 09:17:15.767 [main] INFO   - Opened Site
2019-17-20 09:17:17.703 [main] INFO   - Entered the signIn page
2019-17-20 09:17:20.144 [main] INFO   - Signed in into account
2019-17-20 09:17:23.735 [main] ERROR  - null value in entry: handle=null
2019-19-20 09:19:02.465 [main] ERROR  - null
2019-26-20 09:26:20.662 [main] INFO   - Opened Site
2019-26-20 09:26:22.878 [main] INFO   - Entered the signIn page
2019-26-20 09:26:25.340 [main] INFO   - Signed in into account
2019-26-20 09:26:33.516 [main] ERROR  - no such element: Unable to locate element: {"method":"xpath","selector":"//a[@title='remove this product from my cart']"}
  (Session info: chrome=73.0.3683.75)
  (Driver info: chromedriver=2.45.615291 (ec3682e3c9061c10f26ea9e5cdcf3c53f3f74387),platform=Windows NT 10.0.17134 x86_64) (WARNING: The server did not provide any stacktrace information)
Command duration or timeout: 0 milliseconds
For documentation on this error, please visit: https://www.seleniumhq.org/exceptions/no_such_element.html
Build info: version: '3.141.59', revision: 'e82be7d358', time: '2018-11-14T08:17:03'
System info: host: 'DESKTOP-KGG2TM0', ip: '192.168.1.7', os.name: 'Windows 10', os.arch: 'amd64', os.version: '10.0', java.version: '10.0.2'
Driver info: org.openqa.selenium.chrome.ChromeDriver
Capabilities {acceptInsecureCerts: false, acceptSslCerts: false, applicationCacheEnabled: false, browserConnectionEnabled: false, browserName: chrome, chrome: {chromedriverVersion: 2.45.615291 (ec3682e3c9061c..., userDataDir: C:\Users\Bogdan\AppData\Loc...}, cssSelectorsEnabled: true, databaseEnabled: false, goog:chromeOptions: {debuggerAddress: localhost:58035}, handlesAlerts: true, hasTouchScreen: false, javascriptEnabled: true, locationContextEnabled: true, mobileEmulationEnabled: false, nativeEvents: true, networkConnectionEnabled: false, pageLoadStrategy: normal, platform: XP, platformName: XP, proxy: Proxy(), rotatable: false, setWindowRect: true, strictFileInteractability: false, takesHeapSnapshot: true, takesScreenshot: true, timeouts: {implicit: 0, pageLoad: 300000, script: 30000}, unexpectedAlertBehaviour: ignore, unhandledPromptBehavior: ignore, version: 73.0.3683.75, webStorageEnabled: true}
Session ID: 169fb4f482d10370bf6ea904db9c78eb
*** Element info: {Using=xpath, value=//a[@title='remove this product from my cart']}
2019-28-20 09:28:17.071 [main] INFO   - Opened Site
2019-28-20 09:28:20.711 [main] INFO   - Entered the signIn page
2019-28-20 09:28:23.364 [main] INFO   - Signed in into account
2019-28-20 09:28:30.957 [main] ERROR  - expected:<[Pink, L]> but was:<[]>
2019-29-20 09:29:52.369 [main] INFO   - Opened Site
2019-29-20 09:29:55.057 [main] INFO   - Entered the signIn page
2019-29-20 09:29:57.576 [main] INFO   - Signed in into account
2019-30-20 09:30:15.814 [main] ERROR  - Expected condition failed: waiting for visibility of Proxy element for: DefaultElementLocator 'By.xpath: //a[@title='remove this product from my cart']' (tried for 10 second(s) with 500 milliseconds interval)
2019-31-20 09:31:00.829 [main] INFO   - Opened Site
2019-31-20 09:31:03.446 [main] INFO   - Entered the signIn page
2019-31-20 09:31:06.446 [main] INFO   - Signed in into account
2019-31-20 09:31:24.180 [main] ERROR  - Expected condition failed: waiting for visibility of Proxy element for: DefaultElementLocator 'By.xpath: //a[@title='remove this product from my cart']' (tried for 10 second(s) with 500 milliseconds interval)
2019-40-20 09:40:28.893 [main] INFO   - Opened Site
2019-40-20 09:40:31.070 [main] INFO   - Entered the signIn page
2019-40-20 09:40:34.047 [main] INFO   - Signed in into account
2019-40-20 09:40:52.296 [main] ERROR  - Expected condition failed: waiting for visibility of Proxy element for: DefaultElementLocator 'By.xpath: //span[@class='remove_link']/a[@title='remove this product from my cart']' (tried for 10 second(s) with 500 milliseconds interval)
2019-42-20 09:42:20.122 [main] INFO   - Opened Site
2019-42-20 09:42:22.176 [main] INFO   - Entered the signIn page
2019-42-20 09:42:24.896 [main] INFO   - Signed in into account
2019-42-20 09:42:43.766 [main] ERROR  - Expected condition failed: waiting for element to be clickable: Proxy element for: DefaultElementLocator 'By.xpath: //span[@class='remove_link']/a[@title='remove this product from my cart']' (tried for 10 second(s) with 500 milliseconds interval)
2019-44-20 09:44:22.889 [main] INFO   - Opened Site
2019-44-20 09:44:25.210 [main] INFO   - Entered the signIn page
2019-44-20 09:44:28.246 [main] INFO   - Signed in into account
2019-44-20 09:44:38.831 [main] ERROR  - Expected condition failed: waiting for visibility of [[ChromeDriver: chrome on XP (93ea45c9d78350ab50900bec91dbf194)] -> xpath: //ul[@class='submenu-container clearfix first-in-line-xs']/li/ul/li/a[@title='Evening Dresses']] (tried for 10 second(s) with 500 milliseconds interval)
Build info: version: '3.141.59', revision: 'e82be7d358', time: '2018-11-14T08:17:03'
System info: host: 'DESKTOP-KGG2TM0', ip: '192.168.1.7', os.name: 'Windows 10', os.arch: 'amd64', os.version: '10.0', java.version: '10.0.2'
Driver info: org.openqa.selenium.chrome.ChromeDriver
Capabilities {acceptInsecureCerts: false, acceptSslCerts: false, applicationCacheEnabled: false, browserConnectionEnabled: false, browserName: chrome, chrome: {chromedriverVersion: 2.45.615291 (ec3682e3c9061c..., userDataDir: C:\Users\Bogdan\AppData\Loc...}, cssSelectorsEnabled: true, databaseEnabled: false, goog:chromeOptions: {debuggerAddress: localhost:58930}, handlesAlerts: true, hasTouchScreen: false, javascriptEnabled: true, locationContextEnabled: true, mobileEmulationEnabled: false, nativeEvents: true, networkConnectionEnabled: false, pageLoadStrategy: normal, platform: XP, platformName: XP, proxy: Proxy(), rotatable: false, setWindowRect: true, strictFileInteractability: false, takesHeapSnapshot: true, takesScreenshot: true, timeouts: {implicit: 0, pageLoad: 300000, script: 30000}, unexpectedAlertBehaviour: ignore, unhandledPromptBehavior: ignore, version: 73.0.3683.75, webStorageEnabled: true}
Session ID: 93ea45c9d78350ab50900bec91dbf194
2019-45-20 09:45:46.570 [main] INFO   - Opened Site
2019-45-20 09:45:50.624 [main] INFO   - Entered the signIn page
2019-45-20 09:45:54.733 [main] INFO   - Signed in into account
2019-46-20 09:46:14.279 [main] ERROR  - Expected condition failed: waiting for element to be clickable: Proxy element for: DefaultElementLocator 'By.xpath: //span[@class='remove_link']/a[@title='remove this product from my cart']' (tried for 10 second(s) with 500 milliseconds interval)
2019-46-20 09:46:58.437 [main] INFO   - Opened Site
2019-47-20 09:47:00.755 [main] INFO   - Entered the signIn page
2019-47-20 09:47:03.730 [main] INFO   - Signed in into account
2019-58-20 09:58:14.418 [main] INFO   - Opened Site
2019-58-20 09:58:21.276 [main] INFO   - Entered the signIn page
2019-58-20 09:58:37.359 [main] INFO   - Signed in into account
2019-59-20 09:59:48.104 [main] ERROR  - Expected condition failed: waiting for visibility of [[ChromeDriver: chrome on XP (92f2af58007de88d1e0596c909070807)] -> xpath: //span[contains(.,'Continue shopping')]] (tried for 10 second(s) with 500 milliseconds interval)
Build info: version: '3.141.59', revision: 'e82be7d358', time: '2018-11-14T08:17:03'
System info: host: 'DESKTOP-KGG2TM0', ip: '192.168.1.7', os.name: 'Windows 10', os.arch: 'amd64', os.version: '10.0', java.version: '10.0.2'
Driver info: org.openqa.selenium.chrome.ChromeDriver
Capabilities {acceptInsecureCerts: false, acceptSslCerts: false, applicationCacheEnabled: false, browserConnectionEnabled: false, browserName: chrome, chrome: {chromedriverVersion: 2.45.615291 (ec3682e3c9061c..., userDataDir: C:\Users\Bogdan\AppData\Loc...}, cssSelectorsEnabled: true, databaseEnabled: false, goog:chromeOptions: {debuggerAddress: localhost:59957}, handlesAlerts: true, hasTouchScreen: false, javascriptEnabled: true, locationContextEnabled: true, mobileEmulationEnabled: false, nativeEvents: true, networkConnectionEnabled: false, pageLoadStrategy: normal, platform: XP, platformName: XP, proxy: Proxy(), rotatable: false, setWindowRect: true, strictFileInteractability: false, takesHeapSnapshot: true, takesScreenshot: true, timeouts: {implicit: 0, pageLoad: 300000, script: 30000}, unexpectedAlertBehaviour: ignore, unhandledPromptBehavior: ignore, version: 73.0.3683.75, webStorageEnabled: true}
Session ID: 92f2af58007de88d1e0596c909070807
2019-01-20 10:01:16.775 [main] INFO   - Opened Site
2019-33-20 11:33:33.070 [main] INFO   - Opened Site
2019-33-20 11:33:34.828 [main] INFO   - Entered the signIn page
2019-33-20 11:33:37.045 [main] INFO   - Signed in into account
2019-33-20 11:33:44.401 [main] ERROR  - expected:<[(empty)]> but was:<[]>
2019-41-20 11:41:52.706 [main] INFO   - Opened Site
2019-41-20 11:41:54.793 [main] INFO   - Entered the signIn page
2019-41-20 11:41:56.777 [main] INFO   - Signed in into account
2019-42-20 11:42:59.329 [main] INFO   - Opened Site
2019-43-20 11:43:01.154 [main] INFO   - Entered the signIn page
2019-43-20 11:43:03.069 [main] INFO   - Signed in into account
2019-44-20 11:44:02.849 [main] INFO   - Opened Site
2019-44-20 11:44:04.895 [main] INFO   - Entered the signIn page
2019-44-20 11:44:06.768 [main] INFO   - Signed in into account
2019-58-20 11:58:23.869 [main] INFO   - Opened Site
2019-58-20 11:58:26.087 [main] INFO   - Entered the signIn page
2019-58-20 11:58:29.988 [main] INFO   - Signed in into account
2019-00-20 12:00:07.632 [main] INFO   - Opened Site
2019-00-20 12:00:09.570 [main] INFO   - Entered the signIn page
2019-00-20 12:00:11.721 [main] INFO   - Signed in into account
2019-02-20 12:02:05.446 [main] INFO   - Opened Site
2019-02-20 12:02:07.542 [main] INFO   - Entered the signIn page
2019-02-20 12:02:11.479 [main] INFO   - Signed in into account
2019-03-20 12:03:32.061 [main] INFO   - Opened Site
2019-03-20 12:03:34.058 [main] INFO   - Entered the signIn page
2019-03-20 12:03:36.055 [main] INFO   - Signed in into account
